<?xml version="1.0" encoding="UTF-8"?>
<!-- Generated by org.testng.reporters.JUnitReportReporter -->
<testsuite hostname="DESKTOP-M1B7O5R" failures="0" tests="1" name="com.superProject.testCases.TC_LoginTest_001" time="3.027" errors="0" timestamp="2023-07-26T08:12:59 IST" skipped="0">
  <testcase classname="com.superProject.testCases.TC_LoginTest_001" name="LoginTest" time="3.027"/>
  <system-out/>
</testsuite> <!-- com.superProject.testCases.TC_LoginTest_001 -->
